This is XeTeX, Version 3.14159265-2.6-0.999991 (MiKTeX 2.9.7140 64-bit) (preloaded format=xelatex 2019.8.11)  23 NOV 2019 14:47
entering extended mode
**./bachelors_thesis.tex
(bachelors_thesis.tex
LaTeX2e <2018-12-01>
("C:\Users\Aron\AppData\Local\Programs\MiKTeX 2.9\tex/latex/base\report.cls"
Document Class: report 2018/09/03 v1.4i Standard LaTeX document class
("C:\Users\Aron\AppData\Local\Programs\MiKTeX 2.9\tex/latex/base\size11.clo"
File: size11.clo 2018/09/03 v1.4i Standard LaTeX file (size option)
)
\c@part=\count80
\c@chapter=\count81
\c@section=\count82
\c@subsection=\count83
\c@subsubsection=\count84
\c@paragraph=\count85
\c@subparagraph=\count86
\c@figure=\count87
\c@table=\count88
\abovecaptionskip=\skip41
\belowcaptionskip=\skip42
\bibindent=\dimen102
)
(include/packages.tex
("C:\Users\Aron\AppData\Local\Programs\MiKTeX 2.9\tex/latex/pgf/frontendlayer\t
ikz.sty"
("C:\Users\Aron\AppData\Local\Programs\MiKTeX 2.9\tex/latex/pgf/basiclayer\pgf.
sty"
("C:\Users\Aron\AppData\Local\Programs\MiKTeX 2.9\tex/latex/pgf/utilities\pgfrc
s.sty"
("C:\Users\Aron\AppData\Local\Programs\MiKTeX 2.9\tex/generic/pgf/utilities\pgf
util-common.tex"
\pgfutil@everybye=\toks14
\pgfutil@tempdima=\dimen103
\pgfutil@tempdimb=\dimen104

("C:\Users\Aron\AppData\Local\Programs\MiKTeX 2.9\tex/generic/pgf/utilities\pgf
util-common-lists.tex"))
("C:\Users\Aron\AppData\Local\Programs\MiKTeX 2.9\tex/generic/pgf/utilities\pgf
util-latex.def"
\pgfutil@abb=\box27

("C:\Users\Aron\AppData\Local\Programs\MiKTeX 2.9\tex/latex/ms\everyshi.sty"
Package: everyshi 2001/05/15 v3.00 EveryShipout Package (MS)
))
("C:\Users\Aron\AppData\Local\Programs\MiKTeX 2.9\tex/generic/pgf/utilities\pgf
rcs.code.tex"
("C:\Users\Aron\AppData\Local\Programs\MiKTeX 2.9\tex/generic/pgf\pgf.revision.
tex")
Package: pgfrcs 2019/08/03 v3.1.4b (3.1.4b)
))
Package: pgf 2019/08/03 v3.1.4b (3.1.4b)

("C:\Users\Aron\AppData\Local\Programs\MiKTeX 2.9\tex/latex/pgf/basiclayer\pgfc
ore.sty"
("C:\Users\Aron\AppData\Local\Programs\MiKTeX 2.9\tex/latex/graphics\graphicx.s
ty"
Package: graphicx 2017/06/01 v1.1a Enhanced LaTeX Graphics (DPC,SPQR)

("C:\Users\Aron\AppData\Local\Programs\MiKTeX 2.9\tex/latex/graphics\keyval.sty
"
Package: keyval 2014/10/28 v1.15 key=value parser (DPC)
\KV@toks@=\toks15
)
("C:\Users\Aron\AppData\Local\Programs\MiKTeX 2.9\tex/latex/graphics\graphics.s
ty"
Package: graphics 2017/06/25 v1.2c Standard LaTeX Graphics (DPC,SPQR)

("C:\Users\Aron\AppData\Local\Programs\MiKTeX 2.9\tex/latex/graphics\trig.sty"
Package: trig 2016/01/03 v1.10 sin cos tan (DPC)
)
("C:\Users\Aron\AppData\Local\Programs\MiKTeX 2.9\tex/latex/graphics-cfg\graphi
cs.cfg"
File: graphics.cfg 2016/06/04 v1.11 sample graphics configuration
)
Package graphics Info: Driver file: xetex.def on input line 99.

("C:\Users\Aron\AppData\Local\Programs\MiKTeX 2.9\tex/latex/graphics-def\xetex.
def"
File: xetex.def 2017/06/24 v5.0h Graphics/color driver for xetex
))
\Gin@req@height=\dimen105
\Gin@req@width=\dimen106
)
("C:\Users\Aron\AppData\Local\Programs\MiKTeX 2.9\tex/latex/pgf/systemlayer\pgf
sys.sty"
("C:\Users\Aron\AppData\Local\Programs\MiKTeX 2.9\tex/generic/pgf/systemlayer\p
gfsys.code.tex"
Package: pgfsys 2019/08/03 v3.1.4b (3.1.4b)

("C:\Users\Aron\AppData\Local\Programs\MiKTeX 2.9\tex/generic/pgf/utilities\pgf
keys.code.tex"
\pgfkeys@pathtoks=\toks16
\pgfkeys@temptoks=\toks17

("C:\Users\Aron\AppData\Local\Programs\MiKTeX 2.9\tex/generic/pgf/utilities\pgf
keysfiltered.code.tex"
\pgfkeys@tmptoks=\toks18
))
\pgf@x=\dimen107
\pgf@y=\dimen108
\pgf@xa=\dimen109
\pgf@ya=\dimen110
\pgf@xb=\dimen111
\pgf@yb=\dimen112
\pgf@xc=\dimen113
\pgf@yc=\dimen114
\pgf@xd=\dimen115
\pgf@yd=\dimen116
\w@pgf@writea=\write3
\r@pgf@reada=\read1
\c@pgf@counta=\count89
\c@pgf@countb=\count90
\c@pgf@countc=\count91
\c@pgf@countd=\count92
\t@pgf@toka=\toks19
\t@pgf@tokb=\toks20
\t@pgf@tokc=\toks21
\pgf@sys@id@count=\count93

("C:\Users\Aron\AppData\Local\Programs\MiKTeX 2.9\tex/generic/pgf/systemlayer\p
gf.cfg"
File: pgf.cfg 2019/08/03 v3.1.4b (3.1.4b)
)
Driver file for pgf: pgfsys-xetex.def

("C:\Users\Aron\AppData\Local\Programs\MiKTeX 2.9\tex/generic/pgf/systemlayer\p
gfsys-xetex.def"
File: pgfsys-xetex.def 2019/08/03 v3.1.4b (3.1.4b)

("C:\Users\Aron\AppData\Local\Programs\MiKTeX 2.9\tex/generic/pgf/systemlayer\p
gfsys-dvipdfmx.def"
File: pgfsys-dvipdfmx.def 2019/08/03 v3.1.4b (3.1.4b)

("C:\Users\Aron\AppData\Local\Programs\MiKTeX 2.9\tex/generic/pgf/systemlayer\p
gfsys-common-pdf.def"
File: pgfsys-common-pdf.def 2019/08/03 v3.1.4b (3.1.4b)
)
\pgfsys@objnum=\count94
)))
("C:\Users\Aron\AppData\Local\Programs\MiKTeX 2.9\tex/generic/pgf/systemlayer\p
gfsyssoftpath.code.tex"
File: pgfsyssoftpath.code.tex 2019/08/03 v3.1.4b (3.1.4b)
\pgfsyssoftpath@smallbuffer@items=\count95
\pgfsyssoftpath@bigbuffer@items=\count96
)
("C:\Users\Aron\AppData\Local\Programs\MiKTeX 2.9\tex/generic/pgf/systemlayer\p
gfsysprotocol.code.tex"
File: pgfsysprotocol.code.tex 2019/08/03 v3.1.4b (3.1.4b)
))
("C:\Users\Aron\AppData\Local\Programs\MiKTeX 2.9\tex/latex/xcolor\xcolor.sty"
Package: xcolor 2016/05/11 v2.12 LaTeX color extensions (UK)

("C:\Users\Aron\AppData\Local\Programs\MiKTeX 2.9\tex/latex/graphics-cfg\color.
cfg"
File: color.cfg 2016/01/02 v1.6 sample color configuration
)
Package xcolor Info: Driver file: xetex.def on input line 225.
Package xcolor Info: Model `cmy' substituted by `cmy0' on input line 1348.
Package xcolor Info: Model `RGB' extended on input line 1364.
Package xcolor Info: Model `HTML' substituted by `rgb' on input line 1366.
Package xcolor Info: Model `Hsb' substituted by `hsb' on input line 1367.
Package xcolor Info: Model `tHsb' substituted by `hsb' on input line 1368.
Package xcolor Info: Model `HSB' substituted by `hsb' on input line 1369.
Package xcolor Info: Model `Gray' substituted by `gray' on input line 1370.
Package xcolor Info: Model `wave' substituted by `hsb' on input line 1371.
)
("C:\Users\Aron\AppData\Local\Programs\MiKTeX 2.9\tex/generic/pgf/basiclayer\pg
fcore.code.tex"
Package: pgfcore 2019/08/03 v3.1.4b (3.1.4b)

("C:\Users\Aron\AppData\Local\Programs\MiKTeX 2.9\tex/generic/pgf/math\pgfmath.
code.tex"
("C:\Users\Aron\AppData\Local\Programs\MiKTeX 2.9\tex/generic/pgf/math\pgfmathc
alc.code.tex"
("C:\Users\Aron\AppData\Local\Programs\MiKTeX 2.9\tex/generic/pgf/math\pgfmathu
til.code.tex")
("C:\Users\Aron\AppData\Local\Programs\MiKTeX 2.9\tex/generic/pgf/math\pgfmathp
arser.code.tex"
\pgfmath@dimen=\dimen117
\pgfmath@count=\count97
\pgfmath@box=\box28
\pgfmath@toks=\toks22
\pgfmath@stack@operand=\toks23
\pgfmath@stack@operation=\toks24
)
("C:\Users\Aron\AppData\Local\Programs\MiKTeX 2.9\tex/generic/pgf/math\pgfmathf
unctions.code.tex"
("C:\Users\Aron\AppData\Local\Programs\MiKTeX 2.9\tex/generic/pgf/math\pgfmathf
unctions.basic.code.tex")
("C:\Users\Aron\AppData\Local\Programs\MiKTeX 2.9\tex/generic/pgf/math\pgfmathf
unctions.trigonometric.code.tex")
("C:\Users\Aron\AppData\Local\Programs\MiKTeX 2.9\tex/generic/pgf/math\pgfmathf
unctions.random.code.tex")
("C:\Users\Aron\AppData\Local\Programs\MiKTeX 2.9\tex/generic/pgf/math\pgfmathf
unctions.comparison.code.tex")
("C:\Users\Aron\AppData\Local\Programs\MiKTeX 2.9\tex/generic/pgf/math\pgfmathf
unctions.base.code.tex")
("C:\Users\Aron\AppData\Local\Programs\MiKTeX 2.9\tex/generic/pgf/math\pgfmathf
unctions.round.code.tex")
("C:\Users\Aron\AppData\Local\Programs\MiKTeX 2.9\tex/generic/pgf/math\pgfmathf
unctions.misc.code.tex")
("C:\Users\Aron\AppData\Local\Programs\MiKTeX 2.9\tex/generic/pgf/math\pgfmathf
unctions.integerarithmetics.code.tex")))
("C:\Users\Aron\AppData\Local\Programs\MiKTeX 2.9\tex/generic/pgf/math\pgfmathf
loat.code.tex"
\c@pgfmathroundto@lastzeros=\count98
))
("C:\Users\Aron\AppData\Local\Programs\MiKTeX 2.9\tex/generic/pgf/math\pgfint.c
ode.tex")
("C:\Users\Aron\AppData\Local\Programs\MiKTeX 2.9\tex/generic/pgf/basiclayer\pg
fcorepoints.code.tex"
File: pgfcorepoints.code.tex 2019/08/03 v3.1.4b (3.1.4b)
\pgf@picminx=\dimen118
\pgf@picmaxx=\dimen119
\pgf@picminy=\dimen120
\pgf@picmaxy=\dimen121
\pgf@pathminx=\dimen122
\pgf@pathmaxx=\dimen123
\pgf@pathminy=\dimen124
\pgf@pathmaxy=\dimen125
\pgf@xx=\dimen126
\pgf@xy=\dimen127
\pgf@yx=\dimen128
\pgf@yy=\dimen129
\pgf@zx=\dimen130
\pgf@zy=\dimen131
)
("C:\Users\Aron\AppData\Local\Programs\MiKTeX 2.9\tex/generic/pgf/basiclayer\pg
fcorepathconstruct.code.tex"
File: pgfcorepathconstruct.code.tex 2019/08/03 v3.1.4b (3.1.4b)
\pgf@path@lastx=\dimen132
\pgf@path@lasty=\dimen133
)
("C:\Users\Aron\AppData\Local\Programs\MiKTeX 2.9\tex/generic/pgf/basiclayer\pg
fcorepathusage.code.tex"
File: pgfcorepathusage.code.tex 2019/08/03 v3.1.4b (3.1.4b)
\pgf@shorten@end@additional=\dimen134
\pgf@shorten@start@additional=\dimen135
)
("C:\Users\Aron\AppData\Local\Programs\MiKTeX 2.9\tex/generic/pgf/basiclayer\pg
fcorescopes.code.tex"
File: pgfcorescopes.code.tex 2019/08/03 v3.1.4b (3.1.4b)
\pgfpic=\box29
\pgf@hbox=\box30
\pgf@layerbox@main=\box31
\pgf@picture@serial@count=\count99
)
("C:\Users\Aron\AppData\Local\Programs\MiKTeX 2.9\tex/generic/pgf/basiclayer\pg
fcoregraphicstate.code.tex"
File: pgfcoregraphicstate.code.tex 2019/08/03 v3.1.4b (3.1.4b)
\pgflinewidth=\dimen136
)
("C:\Users\Aron\AppData\Local\Programs\MiKTeX 2.9\tex/generic/pgf/basiclayer\pg
fcoretransformations.code.tex"
File: pgfcoretransformations.code.tex 2019/08/03 v3.1.4b (3.1.4b)
\pgf@pt@x=\dimen137
\pgf@pt@y=\dimen138
\pgf@pt@temp=\dimen139
)
("C:\Users\Aron\AppData\Local\Programs\MiKTeX 2.9\tex/generic/pgf/basiclayer\pg
fcorequick.code.tex"
File: pgfcorequick.code.tex 2019/08/03 v3.1.4b (3.1.4b)
)
("C:\Users\Aron\AppData\Local\Programs\MiKTeX 2.9\tex/generic/pgf/basiclayer\pg
fcoreobjects.code.tex"
File: pgfcoreobjects.code.tex 2019/08/03 v3.1.4b (3.1.4b)
)
("C:\Users\Aron\AppData\Local\Programs\MiKTeX 2.9\tex/generic/pgf/basiclayer\pg
fcorepathprocessing.code.tex"
File: pgfcorepathprocessing.code.tex 2019/08/03 v3.1.4b (3.1.4b)
)
("C:\Users\Aron\AppData\Local\Programs\MiKTeX 2.9\tex/generic/pgf/basiclayer\pg
fcorearrows.code.tex"
File: pgfcorearrows.code.tex 2019/08/03 v3.1.4b (3.1.4b)
\pgfarrowsep=\dimen140
)
("C:\Users\Aron\AppData\Local\Programs\MiKTeX 2.9\tex/generic/pgf/basiclayer\pg
fcoreshade.code.tex"
File: pgfcoreshade.code.tex 2019/08/03 v3.1.4b (3.1.4b)
\pgf@max=\dimen141
\pgf@sys@shading@range@num=\count100
\pgf@shadingcount=\count101
)
("C:\Users\Aron\AppData\Local\Programs\MiKTeX 2.9\tex/generic/pgf/basiclayer\pg
fcoreimage.code.tex"
File: pgfcoreimage.code.tex 2019/08/03 v3.1.4b (3.1.4b)

("C:\Users\Aron\AppData\Local\Programs\MiKTeX 2.9\tex/generic/pgf/basiclayer\pg
fcoreexternal.code.tex"
File: pgfcoreexternal.code.tex 2019/08/03 v3.1.4b (3.1.4b)
\pgfexternal@startupbox=\box32
))
("C:\Users\Aron\AppData\Local\Programs\MiKTeX 2.9\tex/generic/pgf/basiclayer\pg
fcorelayers.code.tex"
File: pgfcorelayers.code.tex 2019/08/03 v3.1.4b (3.1.4b)
)
("C:\Users\Aron\AppData\Local\Programs\MiKTeX 2.9\tex/generic/pgf/basiclayer\pg
fcoretransparency.code.tex"
File: pgfcoretransparency.code.tex 2019/08/03 v3.1.4b (3.1.4b)
)
("C:\Users\Aron\AppData\Local\Programs\MiKTeX 2.9\tex/generic/pgf/basiclayer\pg
fcorepatterns.code.tex"
File: pgfcorepatterns.code.tex 2019/08/03 v3.1.4b (3.1.4b)
)
("C:\Users\Aron\AppData\Local\Programs\MiKTeX 2.9\tex/generic/pgf/basiclayer\pg
fcorerdf.code.tex"
File: pgfcorerdf.code.tex 2019/08/03 v3.1.4b (3.1.4b)
)))
("C:\Users\Aron\AppData\Local\Programs\MiKTeX 2.9\tex/generic/pgf/modules\pgfmo
duleshapes.code.tex"
File: pgfmoduleshapes.code.tex 2019/08/03 v3.1.4b (3.1.4b)
\pgfnodeparttextbox=\box33
)
("C:\Users\Aron\AppData\Local\Programs\MiKTeX 2.9\tex/generic/pgf/modules\pgfmo
duleplot.code.tex"
File: pgfmoduleplot.code.tex 2019/08/03 v3.1.4b (3.1.4b)
)
("C:\Users\Aron\AppData\Local\Programs\MiKTeX 2.9\tex/latex/pgf/compatibility\p
gfcomp-version-0-65.sty"
Package: pgfcomp-version-0-65 2019/08/03 v3.1.4b (3.1.4b)
\pgf@nodesepstart=\dimen142
\pgf@nodesepend=\dimen143
)
("C:\Users\Aron\AppData\Local\Programs\MiKTeX 2.9\tex/latex/pgf/compatibility\p
gfcomp-version-1-18.sty"
Package: pgfcomp-version-1-18 2019/08/03 v3.1.4b (3.1.4b)
))
("C:\Users\Aron\AppData\Local\Programs\MiKTeX 2.9\tex/latex/pgf/utilities\pgffo
r.sty"
("C:\Users\Aron\AppData\Local\Programs\MiKTeX 2.9\tex/latex/pgf/utilities\pgfke
ys.sty"
("C:\Users\Aron\AppData\Local\Programs\MiKTeX 2.9\tex/generic/pgf/utilities\pgf
keys.code.tex"))
("C:\Users\Aron\AppData\Local\Programs\MiKTeX 2.9\tex/latex/pgf/math\pgfmath.st
y"
("C:\Users\Aron\AppData\Local\Programs\MiKTeX 2.9\tex/generic/pgf/math\pgfmath.
code.tex"))
("C:\Users\Aron\AppData\Local\Programs\MiKTeX 2.9\tex/generic/pgf/utilities\pgf
for.code.tex"
Package: pgffor 2019/08/03 v3.1.4b (3.1.4b)

("C:\Users\Aron\AppData\Local\Programs\MiKTeX 2.9\tex/generic/pgf/math\pgfmath.
code.tex")
\pgffor@iter=\dimen144
\pgffor@skip=\dimen145
\pgffor@stack=\toks25
\pgffor@toks=\toks26
))
("C:\Users\Aron\AppData\Local\Programs\MiKTeX 2.9\tex/generic/pgf/frontendlayer
/tikz\tikz.code.tex"
Package: tikz 2019/08/03 v3.1.4b (3.1.4b)

("C:\Users\Aron\AppData\Local\Programs\MiKTeX 2.9\tex/generic/pgf/libraries\pgf
libraryplothandlers.code.tex"
File: pgflibraryplothandlers.code.tex 2019/08/03 v3.1.4b (3.1.4b)
\pgf@plot@mark@count=\count102
\pgfplotmarksize=\dimen146
)
\tikz@lastx=\dimen147
\tikz@lasty=\dimen148
\tikz@lastxsaved=\dimen149
\tikz@lastysaved=\dimen150
\tikz@lastmovetox=\dimen151
\tikz@lastmovetoy=\dimen152
\tikzleveldistance=\dimen153
\tikzsiblingdistance=\dimen154
\tikz@figbox=\box34
\tikz@figbox@bg=\box35
\tikz@tempbox=\box36
\tikz@tempbox@bg=\box37
\tikztreelevel=\count103
\tikznumberofchildren=\count104
\tikznumberofcurrentchild=\count105
\tikz@fig@count=\count106

("C:\Users\Aron\AppData\Local\Programs\MiKTeX 2.9\tex/generic/pgf/modules\pgfmo
dulematrix.code.tex"
File: pgfmodulematrix.code.tex 2019/08/03 v3.1.4b (3.1.4b)
\pgfmatrixcurrentrow=\count107
\pgfmatrixcurrentcolumn=\count108
\pgf@matrix@numberofcolumns=\count109
)
\tikz@expandcount=\count110

("C:\Users\Aron\AppData\Local\Programs\MiKTeX 2.9\tex/generic/pgf/frontendlayer
/tikz/libraries\tikzlibrarytopaths.code.tex"
File: tikzlibrarytopaths.code.tex 2019/08/03 v3.1.4b (3.1.4b)
)))
("C:\Users\Aron\AppData\Local\Programs\MiKTeX 2.9\tex/generic/pgf/frontendlayer
/tikz/libraries\tikzlibraryautomata.code.tex"
File: tikzlibraryautomata.code.tex 2019/08/03 v3.1.4b (3.1.4b)

("C:\Users\Aron\AppData\Local\Programs\MiKTeX 2.9\tex/generic/pgf/frontendlayer
/tikz/libraries\tikzlibraryshapes.multipart.code.tex"
File: tikzlibraryshapes.multipart.code.tex 2019/08/03 v3.1.4b (3.1.4b)

("C:\Users\Aron\AppData\Local\Programs\MiKTeX 2.9\tex/generic/pgf/libraries/sha
pes\pgflibraryshapes.multipart.code.tex"
File: pgflibraryshapes.multipart.code.tex 2019/08/03 v3.1.4b (3.1.4b)
\pgfnodepartlowerbox=\box38
\pgfnodeparttwobox=\box39
\pgfnodepartthreebox=\box40
\pgfnodepartfourbox=\box41
\pgfnodeparttwentybox=\box42
\pgfnodepartnineteenbox=\box43
\pgfnodeparteighteenbox=\box44
\pgfnodepartseventeenbox=\box45
\pgfnodepartsixteenbox=\box46
\pgfnodepartfifteenbox=\box47
\pgfnodepartfourteenbox=\box48
\pgfnodepartthirteenbox=\box49
\pgfnodeparttwelvebox=\box50
\pgfnodepartelevenbox=\box51
\pgfnodeparttenbox=\box52
\pgfnodepartninebox=\box53
\pgfnodeparteightbox=\box54
\pgfnodepartsevenbox=\box55
\pgfnodepartsixbox=\box56
\pgfnodepartfivebox=\box57
)))
("C:\Users\Aron\AppData\Local\Programs\MiKTeX 2.9\tex/generic/pgf/frontendlayer
/tikz/libraries\tikzlibrarypositioning.code.tex"
File: tikzlibrarypositioning.code.tex 2019/08/03 v3.1.4b (3.1.4b)
)
("C:\Users\Aron\AppData\Local\Programs\MiKTeX 2.9\tex/latex/marvosym\marvosym.s
ty"
Package: marvosym 2011/07/20 v2.2 Martin Vogel's Symbols font definitions
) ("C:\Users\Aron\AppData\Local\Programs\MiKTeX 2.9\tex/latex/float\float.sty"
Package: float 2001/11/08 v1.3d Float enhancements (AL)
\c@float@type=\count111
\float@exts=\toks27
\float@box=\box58
\@float@everytoks=\toks28
\@floatcapt=\box59
)
("C:\Users\Aron\AppData\Local\Programs\MiKTeX 2.9\tex/generic/ifxetex\ifxetex.s
ty"
Package: ifxetex 2010/09/12 v0.6 Provides ifxetex conditional
)
("C:\Users\Aron\AppData\Local\Programs\MiKTeX 2.9\tex/generic/oberdiek\ifluatex
.sty"
Package: ifluatex 2016/05/16 v1.4 Provides the ifluatex switch (HO)
Package ifluatex Info: LuaTeX not detected.
)
("C:\Users\Aron\AppData\Local\Programs\MiKTeX 2.9\tex/latex/fontspec\fontspec.s
ty"
("C:\Users\Aron\AppData\Local\Programs\MiKTeX 2.9\tex/latex/l3packages/xparse\x
parse.sty"
("C:\Users\Aron\AppData\Local\Programs\MiKTeX 2.9\tex/latex/l3kernel\expl3.sty"
Package: expl3 2019-07-25 L3 programming layer (loader) 

("C:\Users\Aron\AppData\Local\Programs\MiKTeX 2.9\tex/latex/l3kernel\expl3-code
.tex"
Package: expl3 2019-07-25 L3 programming layer (code)
\c_max_int=\count112
\l_tmpa_int=\count113
\l_tmpb_int=\count114
\g_tmpa_int=\count115
\g_tmpb_int=\count116
\g__kernel_prg_map_int=\count117
\c__ior_term_ior=\count118
\c_log_iow=\count119
\l_iow_line_count_int=\count120
\l__iow_line_target_int=\count121
\l__iow_one_indent_int=\count122
\l__iow_indent_int=\count123
\c_zero_dim=\dimen155
\c_max_dim=\dimen156
\l_tmpa_dim=\dimen157
\l_tmpb_dim=\dimen158
\g_tmpa_dim=\dimen159
\g_tmpb_dim=\dimen160
\c_zero_skip=\skip43
\c_max_skip=\skip44
\l_tmpa_skip=\skip45
\l_tmpb_skip=\skip46
\g_tmpa_skip=\skip47
\g_tmpb_skip=\skip48
\c_zero_muskip=\muskip10
\c_max_muskip=\muskip11
\l_tmpa_muskip=\muskip12
\l_tmpb_muskip=\muskip13
\g_tmpa_muskip=\muskip14
\g_tmpb_muskip=\muskip15
\l_keys_choice_int=\count124
\l__intarray_loop_int=\count125
\c__intarray_sp_dim=\dimen161
\g__intarray_font_int=\count126
\c__fp_leading_shift_int=\count127
\c__fp_middle_shift_int=\count128
\c__fp_trailing_shift_int=\count129
\c__fp_big_leading_shift_int=\count130
\c__fp_big_middle_shift_int=\count131
\c__fp_big_trailing_shift_int=\count132
\c__fp_Bigg_leading_shift_int=\count133
\c__fp_Bigg_middle_shift_int=\count134
\c__fp_Bigg_trailing_shift_int=\count135
\g__fp_array_int=\count136
\l__fp_array_loop_int=\count137
\l__sort_length_int=\count138
\l__sort_min_int=\count139
\l__sort_top_int=\count140
\l__sort_max_int=\count141
\l__sort_true_max_int=\count142
\l__sort_block_int=\count143
\l__sort_begin_int=\count144
\l__sort_end_int=\count145
\l__sort_A_int=\count146
\l__sort_B_int=\count147
\l__sort_C_int=\count148
\l__str_internal_int=\count149
\l__tl_analysis_normal_int=\count150
\l__tl_analysis_index_int=\count151
\l__tl_analysis_nesting_int=\count152
\l__tl_analysis_type_int=\count153
\l__regex_internal_a_int=\count154
\l__regex_internal_b_int=\count155
\l__regex_internal_c_int=\count156
\l__regex_balance_int=\count157
\l__regex_group_level_int=\count158
\l__regex_mode_int=\count159
\c__regex_cs_in_class_mode_int=\count160
\c__regex_cs_mode_int=\count161
\l__regex_catcodes_int=\count162
\l__regex_default_catcodes_int=\count163
\c__regex_catcode_L_int=\count164
\c__regex_catcode_O_int=\count165
\c__regex_catcode_A_int=\count166
\c__regex_all_catcodes_int=\count167
\l__regex_show_lines_int=\count168
\l__regex_min_state_int=\count169
\l__regex_max_state_int=\count170
\l__regex_left_state_int=\count171
\l__regex_right_state_int=\count172
\l__regex_capturing_group_int=\count173
\l__regex_min_pos_int=\count174
\l__regex_max_pos_int=\count175
\l__regex_curr_pos_int=\count176
\l__regex_start_pos_int=\count177
\l__regex_success_pos_int=\count178
\l__regex_curr_char_int=\count179
\l__regex_curr_catcode_int=\count180
\l__regex_last_char_int=\count181
\l__regex_case_changed_char_int=\count182
\l__regex_curr_state_int=\count183
\l__regex_step_int=\count184
\l__regex_min_active_int=\count185
\l__regex_max_active_int=\count186
\l__regex_replacement_csnames_int=\count187
\l__regex_match_count_int=\count188
\l__regex_min_submatch_int=\count189
\l__regex_submatch_int=\count190
\l__regex_zeroth_submatch_int=\count191
\g__regex_trace_regex_int=\count192
\c_empty_box=\box60
\l_tmpa_box=\box61
\l_tmpb_box=\box62
\g_tmpa_box=\box63
\g_tmpb_box=\box64
\l__box_top_dim=\dimen162
\l__box_bottom_dim=\dimen163
\l__box_left_dim=\dimen164
\l__box_right_dim=\dimen165
\l__box_top_new_dim=\dimen166
\l__box_bottom_new_dim=\dimen167
\l__box_left_new_dim=\dimen168
\l__box_right_new_dim=\dimen169
\l__box_internal_box=\box65
\l__coffin_internal_box=\box66
\l__coffin_internal_dim=\dimen170
\l__coffin_offset_x_dim=\dimen171
\l__coffin_offset_y_dim=\dimen172
\l__coffin_x_dim=\dimen173
\l__coffin_y_dim=\dimen174
\l__coffin_x_prime_dim=\dimen175
\l__coffin_y_prime_dim=\dimen176
\c_empty_coffin=\box67
\l__coffin_aligned_coffin=\box68
\l__coffin_aligned_internal_coffin=\box69
\l_tmpa_coffin=\box70
\l_tmpb_coffin=\box71
\g_tmpa_coffin=\box72
\g_tmpb_coffin=\box73
\l__coffin_bounding_shift_dim=\dimen177
\l__coffin_left_corner_dim=\dimen178
\l__coffin_right_corner_dim=\dimen179
\l__coffin_bottom_corner_dim=\dimen180
\l__coffin_top_corner_dim=\dimen181
\l__coffin_scaled_total_height_dim=\dimen182
\l__coffin_scaled_width_dim=\dimen183
\c__coffin_empty_coffin=\box74
\l__coffin_display_coffin=\box75
\l__coffin_display_coord_coffin=\box76
\l__coffin_display_pole_coffin=\box77
\l__coffin_display_offset_dim=\dimen184
\l__coffin_display_x_dim=\dimen185
\l__coffin_display_y_dim=\dimen186
\g__file_internal_ior=\read2
\l__seq_internal_a_int=\count193
\l__seq_internal_b_int=\count194
)
("C:\Users\Aron\AppData\Local\Programs\MiKTeX 2.9\tex/latex/l3backend\l3backend
-xdvipdfmx.def"
File: l3backend-xdvipdfmx.def 2019-04-06 v L3 Experimental backend support: xdv
ipdfmx
\g__graphics_track_int=\count195
\l__pdf_internal_box=\box78
\g__pdf_backend_object_int=\count196
\g__pdf_backend_annotation_int=\count197
))
Package: xparse 2019-05-28 L3 Experimental document command parser
\l__xparse_current_arg_int=\count198
\g__xparse_grabber_int=\count199
\l__xparse_m_args_int=\count266
\l__xparse_v_nesting_int=\count267
)
Package: fontspec 2019/03/15 v2.7c Font selection for XeLaTeX and LuaLaTeX

("C:\Users\Aron\AppData\Local\Programs\MiKTeX 2.9\tex/latex/fontspec\fontspec-x
etex.sty"
Package: fontspec-xetex 2019/03/15 v2.7c Font selection for XeLaTeX and LuaLaTe
X
\l__fontspec_script_int=\count268
\l__fontspec_language_int=\count269
\l__fontspec_strnum_int=\count270
\l__fontspec_tmp_int=\count271
\l__fontspec_tmpa_int=\count272
\l__fontspec_tmpb_int=\count273
\l__fontspec_tmpc_int=\count274
\l__fontspec_em_int=\count275
\l__fontspec_emdef_int=\count276
\l__fontspec_strong_int=\count277
\l__fontspec_strongdef_int=\count278
\l__fontspec_tmpa_dim=\dimen187
\l__fontspec_tmpb_dim=\dimen188
\l__fontspec_tmpc_dim=\dimen189

("C:\Users\Aron\AppData\Local\Programs\MiKTeX 2.9\tex/latex/base\fontenc.sty"
Package: fontenc 2018/08/11 v2.0j Standard LaTeX package

("C:\Users\Aron\AppData\Local\Programs\MiKTeX 2.9\tex/latex/base\tuenc.def"
File: tuenc.def 2018/08/11 v2.0j Standard LaTeX file
LaTeX Font Info:    Redeclaring font encoding TU on input line 82.
))
("C:\Users\Aron\AppData\Local\Programs\MiKTeX 2.9\tex/latex/fontspec\fontspec.c
fg")
LaTeX Info: Redefining \itshape on input line 4051.
LaTeX Info: Redefining \slshape on input line 4056.
LaTeX Info: Redefining \scshape on input line 4061.
LaTeX Info: Redefining \upshape on input line 4066.
LaTeX Info: Redefining \em on input line 4096.
LaTeX Info: Redefining \emph on input line 4121.
))
("C:\Users\Aron\AppData\Local\Programs\MiKTeX 2.9\tex/generic/babel\babel.sty"
Package: babel 2019/07/19 3.33 The Babel package

("C:\Users\Aron\AppData\Local\Programs\MiKTeX 2.9\tex/generic/babel\switch.def"
File: switch.def 2019/07/19 3.33 Babel switching mechanism
)
*************************************
* Local config file bblopts.cfg used
*
("C:\Users\Aron\AppData\Local\Programs\MiKTeX 2.9\tex/latex/arabi\bblopts.cfg"
File: bblopts.cfg 2005/09/08 v0.1 add Arabic and Farsi to "declared" options of
 babel
)
("C:\Users\Aron\AppData\Local\Programs\MiKTeX 2.9\tex/latex/babel-english\engli
sh.ldf"
Language: english 2017/06/06 v3.3r English support from the babel system

("C:\Users\Aron\AppData\Local\Programs\MiKTeX 2.9\tex/generic/babel\babel.def"
File: babel.def 2019/07/19 3.33 Babel common definitions
\babel@savecnt=\count279
\U@D=\dimen190

("C:\Users\Aron\AppData\Local\Programs\MiKTeX 2.9\tex/generic/babel\xebabel.def
"
("C:\Users\Aron\AppData\Local\Programs\MiKTeX 2.9\tex/generic/babel\txtbabel.de
f"))
\bbl@dirlevel=\count280
)
\l@canadian = a dialect from \language\l@american 
\l@australian = a dialect from \language\l@british 
\l@newzealand = a dialect from \language\l@british 
) (magyar.ldf
Invalid UTF-8 byte or sequence at line 61 replaced by U+FFFD.
Invalid UTF-8 byte or sequence at line 61 replaced by U+FFFD.
Language: magyar 2015/11/24 v1.5c Magyar support from the babel v3.7 system
Invalid UTF-8 byte or sequence at line 162 replaced by U+FFFD.
Invalid UTF-8 byte or sequence at line 1312 replaced by U+FFFD.
Invalid UTF-8 byte or sequence at line 1312 replaced by U+FFFD.
Invalid UTF-8 byte or sequence at line 1312 replaced by U+FFFD.
Invalid UTF-8 byte or sequence at line 1379 replaced by U+FFFD.
Invalid UTF-8 byte or sequence at line 1379 replaced by U+FFFD.
Invalid UTF-8 byte or sequence at line 1379 replaced by U+FFFD.
Invalid UTF-8 byte or sequence at line 1444 replaced by U+FFFD.
Invalid UTF-8 byte or sequence at line 1599 replaced by U+FFFD.
Invalid UTF-8 byte or sequence at line 1599 replaced by U+FFFD.
Invalid UTF-8 byte or sequence at line 1599 replaced by U+FFFD.
Invalid UTF-8 byte or sequence at line 1599 replaced by U+FFFD.
Invalid UTF-8 byte or sequence at line 1616 replaced by U+FFFD.
Invalid UTF-8 byte or sequence at line 1616 replaced by U+FFFD.
Invalid UTF-8 byte or sequence at line 1687 replaced by U+FFFD.
Invalid UTF-8 byte or sequence at line 1804 replaced by U+FFFD.
Invalid UTF-8 byte or sequence at line 1845 replaced by U+FFFD.
Invalid UTF-8 byte or sequence at line 1845 replaced by U+FFFD.
Invalid UTF-8 byte or sequence at line 1848 replaced by U+FFFD.
Invalid UTF-8 byte or sequence at line 1848 replaced by U+FFFD.
Invalid UTF-8 byte or sequence at line 1848 replaced by U+FFFD.
Invalid UTF-8 byte or sequence at line 1848 replaced by U+FFFD.
Package babel Info: Making ` an active character on input line 2735.
Invalid UTF-8 byte or sequence at line 2751 replaced by U+FFFD.
Invalid UTF-8 byte or sequence at line 2751 replaced by U+FFFD.
Invalid UTF-8 byte or sequence at line 2757 replaced by U+FFFD.
Invalid UTF-8 byte or sequence at line 2757 replaced by U+FFFD.
Invalid UTF-8 byte or sequence at line 2758 replaced by U+FFFD.
Invalid UTF-8 byte or sequence at line 2758 replaced by U+FFFD.
Invalid UTF-8 byte or sequence at line 2758 replaced by U+FFFD.
Invalid UTF-8 byte or sequence at line 2762 replaced by U+FFFD.
Invalid UTF-8 byte or sequence at line 2762 replaced by U+FFFD.
Invalid UTF-8 byte or sequence at line 2768 replaced by U+FFFD.
Invalid UTF-8 byte or sequence at line 2768 replaced by U+FFFD.
Invalid UTF-8 byte or sequence at line 2769 replaced by U+FFFD.
Invalid UTF-8 byte or sequence at line 2848 replaced by U+FFFD.
Invalid UTF-8 byte or sequence at line 2857 replaced by U+FFFD.
Invalid UTF-8 byte or sequence at line 2877 replaced by U+FFFD.
Invalid UTF-8 byte or sequence at line 2881 replaced by U+FFFD.
Invalid UTF-8 byte or sequence at line 2881 replaced by U+FFFD.
Invalid UTF-8 byte or sequence at line 2908 replaced by U+FFFD.
Invalid UTF-8 byte or sequence at line 2908 replaced by U+FFFD.
Invalid UTF-8 byte or sequence at line 2926 replaced by U+FFFD.
Invalid UTF-8 byte or sequence at line 2943 replaced by U+FFFD.
Invalid UTF-8 byte or sequence at line 2947 replaced by U+FFFD.
Invalid UTF-8 byte or sequence at line 2947 replaced by U+FFFD.
Invalid UTF-8 byte or sequence at line 2974 replaced by U+FFFD.
Invalid UTF-8 byte or sequence at line 2974 replaced by U+FFFD.
Invalid UTF-8 byte or sequence at line 3065 replaced by U+FFFD.
Invalid UTF-8 byte or sequence at line 3461 replaced by U+FFFD.
Invalid UTF-8 byte or sequence at line 3463 replaced by U+FFFD.
Invalid UTF-8 byte or sequence at line 3464 replaced by U+FFFD.
Invalid UTF-8 byte or sequence at line 3465 replaced by U+FFFD.
Invalid UTF-8 byte or sequence at line 3465 replaced by U+FFFD.
Invalid UTF-8 byte or sequence at line 3467 replaced by U+FFFD.
Invalid UTF-8 byte or sequence at line 3468 replaced by U+FFFD.
Invalid UTF-8 byte or sequence at line 3473 replaced by U+FFFD.
Invalid UTF-8 byte or sequence at line 3474 replaced by U+FFFD.
Invalid UTF-8 byte or sequence at line 3475 replaced by U+FFFD.
Invalid UTF-8 byte or sequence at line 3476 replaced by U+FFFD.
Invalid UTF-8 byte or sequence at line 3477 replaced by U+FFFD.
Invalid UTF-8 byte or sequence at line 3477 replaced by U+FFFD.
Invalid UTF-8 byte or sequence at line 3690 replaced by U+FFFD.
Invalid UTF-8 byte or sequence at line 3690 replaced by U+FFFD.
Invalid UTF-8 byte or sequence at line 3700 replaced by U+FFFD.
Invalid UTF-8 byte or sequence at line 3700 replaced by U+FFFD.
Invalid UTF-8 byte or sequence at line 3706 replaced by U+FFFD.
Invalid UTF-8 byte or sequence at line 4045 replaced by U+FFFD.
Invalid UTF-8 byte or sequence at line 4052 replaced by U+FFFD.
Invalid UTF-8 byte or sequence at line 4052 replaced by U+FFFD.
Invalid UTF-8 byte or sequence at line 4052 replaced by U+FFFD.
Invalid UTF-8 byte or sequence at line 4052 replaced by U+FFFD.
Invalid UTF-8 byte or sequence at line 4052 replaced by U+FFFD.
Invalid UTF-8 byte or sequence at line 4052 replaced by U+FFFD.
Invalid UTF-8 byte or sequence at line 4053 replaced by U+FFFD.
Invalid UTF-8 byte or sequence at line 4054 replaced by U+FFFD.
Invalid UTF-8 byte or sequence at line 4057 replaced by U+FFFD.
Invalid UTF-8 byte or sequence at line 4057 replaced by U+FFFD.
Invalid UTF-8 byte or sequence at line 4058 replaced by U+FFFD.
Invalid UTF-8 byte or sequence at line 4059 replaced by U+FFFD.
Invalid UTF-8 byte or sequence at line 4059 replaced by U+FFFD.
Invalid UTF-8 byte or sequence at line 4059 replaced by U+FFFD.
Invalid UTF-8 byte or sequence at line 4059 replaced by U+FFFD.
Invalid UTF-8 byte or sequence at line 4059 replaced by U+FFFD.
Invalid UTF-8 byte or sequence at line 4059 replaced by U+FFFD.
Invalid UTF-8 byte or sequence at line 4059 replaced by U+FFFD.
Invalid UTF-8 byte or sequence at line 4059 replaced by U+FFFD.
Invalid UTF-8 byte or sequence at line 4059 replaced by U+FFFD.
\c@footnote@add=\count281
\c@footnote@ch=\count282
Invalid UTF-8 byte or sequence at line 4278 replaced by U+FFFD.
Invalid UTF-8 byte or sequence at line 4278 replaced by U+FFFD.
Invalid UTF-8 byte or sequence at line 4278 replaced by U+FFFD.
Invalid UTF-8 byte or sequence at line 4278 replaced by U+FFFD.
Invalid UTF-8 byte or sequence at line 4278 replaced by U+FFFD.
Invalid UTF-8 byte or sequence at line 5442 replaced by U+FFFD.
Invalid UTF-8 byte or sequence at line 5622 replaced by U+FFFD.
Invalid UTF-8 byte or sequence at line 5622 replaced by U+FFFD.
Invalid UTF-8 byte or sequence at line 5622 replaced by U+FFFD.
Invalid UTF-8 byte or sequence at line 5622 replaced by U+FFFD.
Invalid UTF-8 byte or sequence at line 5622 replaced by U+FFFD.
Invalid UTF-8 byte or sequence at line 5642 replaced by U+FFFD.
Invalid UTF-8 byte or sequence at line 5642 replaced by U+FFFD.
Invalid UTF-8 byte or sequence at line 5644 replaced by U+FFFD.
Invalid UTF-8 byte or sequence at line 5644 replaced by U+FFFD.
Invalid UTF-8 byte or sequence at line 5644 replaced by U+FFFD.
Invalid UTF-8 byte or sequence at line 5644 replaced by U+FFFD.
Invalid UTF-8 byte or sequence at line 5644 replaced by U+FFFD.
Invalid UTF-8 byte or sequence at line 5651 replaced by U+FFFD.
Invalid UTF-8 byte or sequence at line 5651 replaced by U+FFFD.
Invalid UTF-8 byte or sequence at line 5654 replaced by U+FFFD.
Invalid UTF-8 byte or sequence at line 5693 replaced by U+FFFD.
Invalid UTF-8 byte or sequence at line 5693 replaced by U+FFFD.
Invalid UTF-8 byte or sequence at line 5693 replaced by U+FFFD.
Invalid UTF-8 byte or sequence at line 5713 replaced by U+FFFD.
Invalid UTF-8 byte or sequence at line 5713 replaced by U+FFFD.
Invalid UTF-8 byte or sequence at line 5713 replaced by U+FFFD.
Invalid UTF-8 byte or sequence at line 5713 replaced by U+FFFD.
Invalid UTF-8 byte or sequence at line 5713 replaced by U+FFFD.
Invalid UTF-8 byte or sequence at line 5713 replaced by U+FFFD.
Invalid UTF-8 byte or sequence at line 5714 replaced by U+FFFD.
Invalid UTF-8 byte or sequence at line 5714 replaced by U+FFFD.
Invalid UTF-8 byte or sequence at line 5714 replaced by U+FFFD.
Invalid UTF-8 byte or sequence at line 5714 replaced by U+FFFD.
Invalid UTF-8 byte or sequence at line 5714 replaced by U+FFFD.
Invalid UTF-8 byte or sequence at line 5714 replaced by U+FFFD.
Invalid UTF-8 byte or sequence at line 5732 replaced by U+FFFD.
Invalid UTF-8 byte or sequence at line 5732 replaced by U+FFFD.
Invalid UTF-8 byte or sequence at line 5734 replaced by U+FFFD.
Invalid UTF-8 byte or sequence at line 5734 replaced by U+FFFD.
Invalid UTF-8 byte or sequence at line 5734 replaced by U+FFFD.
Invalid UTF-8 byte or sequence at line 5734 replaced by U+FFFD.
Invalid UTF-8 byte or sequence at line 5734 replaced by U+FFFD.
Invalid UTF-8 byte or sequence at line 5735 replaced by U+FFFD.
Invalid UTF-8 byte or sequence at line 5735 replaced by U+FFFD.
Invalid UTF-8 byte or sequence at line 5735 replaced by U+FFFD.
Invalid UTF-8 byte or sequence at line 5735 replaced by U+FFFD.
Invalid UTF-8 byte or sequence at line 5735 replaced by U+FFFD.
Invalid UTF-8 byte or sequence at line 5735 replaced by U+FFFD.
Invalid UTF-8 byte or sequence at line 5735 replaced by U+FFFD.
Invalid UTF-8 byte or sequence at line 5762 replaced by U+FFFD.
Invalid UTF-8 byte or sequence at line 5762 replaced by U+FFFD.
Invalid UTF-8 byte or sequence at line 5762 replaced by U+FFFD.
Invalid UTF-8 byte or sequence at line 5762 replaced by U+FFFD.
Invalid UTF-8 byte or sequence at line 5762 replaced by U+FFFD.
Invalid UTF-8 byte or sequence at line 5762 replaced by U+FFFD.
Invalid UTF-8 byte or sequence at line 5764 replaced by U+FFFD.
Invalid UTF-8 byte or sequence at line 5766 replaced by U+FFFD.
Invalid UTF-8 byte or sequence at line 5766 replaced by U+FFFD.
Invalid UTF-8 byte or sequence at line 5770 replaced by U+FFFD.
Invalid UTF-8 byte or sequence at line 5770 replaced by U+FFFD.
Invalid UTF-8 byte or sequence at line 5772 replaced by U+FFFD.
Invalid UTF-8 byte or sequence at line 5772 replaced by U+FFFD.
Invalid UTF-8 byte or sequence at line 5784 replaced by U+FFFD.
Invalid UTF-8 byte or sequence at line 5789 replaced by U+FFFD.
Invalid UTF-8 byte or sequence at line 5794 replaced by U+FFFD.
))
("C:\Users\Aron\AppData\Local\Programs\MiKTeX 2.9\tex/latex/amsfonts\amsfonts.s
ty"
Package: amsfonts 2013/01/14 v3.01 Basic AMSFonts support
\@emptytoks=\toks29
\symAMSa=\mathgroup4
\symAMSb=\mathgroup5
LaTeX Font Info:    Overwriting math alphabet `\mathfrak' in version `bold'
(Font)                  U/euf/m/n --> U/euf/b/n on input line 106.
)
("C:\Users\Aron\AppData\Local\Programs\MiKTeX 2.9\tex/latex/amsmath\amsmath.sty
"
Package: amsmath 2018/12/01 v2.17b AMS math features
\@mathmargin=\skip49

For additional information on amsmath, use the `?' option.
("C:\Users\Aron\AppData\Local\Programs\MiKTeX 2.9\tex/latex/amsmath\amstext.sty
"
Package: amstext 2000/06/29 v2.01 AMS text
 ("C:\Users\Aron\AppData\Local\Programs\MiKTeX 2.9\tex/latex/amsmath\amsgen.sty
"
File: amsgen.sty 1999/11/30 v2.0 generic functions
\@emptytoks=\toks30
\ex@=\dimen191
))
("C:\Users\Aron\AppData\Local\Programs\MiKTeX 2.9\tex/latex/amsmath\amsbsy.sty"
Package: amsbsy 1999/11/29 v1.2d Bold Symbols
\pmbraise@=\dimen192
) ("C:\Users\Aron\AppData\Local\Programs\MiKTeX 2.9\tex/latex/amsmath\amsopn.st
y"
Package: amsopn 2016/03/08 v2.02 operator names
)
\inf@bad=\count283
LaTeX Info: Redefining \frac on input line 223.
\uproot@=\count284
\leftroot@=\count285
LaTeX Info: Redefining \overline on input line 385.
\classnum@=\count286
\DOTSCASE@=\count287
LaTeX Info: Redefining \ldots on input line 482.
LaTeX Info: Redefining \dots on input line 485.
LaTeX Info: Redefining \cdots on input line 606.
\Mathstrutbox@=\box79
\strutbox@=\box80
\big@size=\dimen193
LaTeX Font Info:    Redeclaring font encoding OML on input line 729.
LaTeX Font Info:    Redeclaring font encoding OMS on input line 730.
\macc@depth=\count288
\c@MaxMatrixCols=\count289
\dotsspace@=\muskip16
\c@parentequation=\count290
\dspbrk@lvl=\count291
\tag@help=\toks31
\row@=\count292
\column@=\count293
\maxfields@=\count294
\andhelp@=\toks32
\eqnshift@=\dimen194
\alignsep@=\dimen195
\tagshift@=\dimen196
\tagwidth@=\dimen197
\totwidth@=\dimen198
\lineht@=\dimen199
\@envbody=\toks33
\multlinegap=\skip50
\multlinetaggap=\skip51
\mathdisplay@stack=\toks34
LaTeX Info: Redefining \[ on input line 2844.
LaTeX Info: Redefining \] on input line 2845.
)
("C:\Users\Aron\AppData\Local\Programs\MiKTeX 2.9\tex/latex/wasysym\wasysym.sty
"
Package: wasysym 2003/10/30 v2.0 Wasy-2 symbol support package
\symwasy=\mathgroup6
LaTeX Font Info:    Overwriting symbol font `wasy' in version `bold'
(Font)                  U/wasy/m/n --> U/wasy/b/n on input line 90.
)
("C:\Users\Aron\AppData\Local\Programs\MiKTeX 2.9\tex/latex/amsfonts\amssymb.st
y"
Package: amssymb 2013/01/14 v3.01 AMS font symbols
)
("C:\Users\Aron\AppData\Local\Programs\MiKTeX 2.9\tex/latex/stmaryrd\stmaryrd.s
ty"
Package: stmaryrd 1994/03/03 St Mary's Road symbol package
\symstmry=\mathgroup7
LaTeX Font Info:    Overwriting symbol font `stmry' in version `bold'
(Font)                  U/stmry/m/n --> U/stmry/b/n on input line 89.
)
("C:\Users\Aron\AppData\Local\Programs\MiKTeX 2.9\tex/latex/booktabs\booktabs.s
ty"
Package: booktabs 2005/04/14 v1.61803 publication quality tables
\heavyrulewidth=\dimen256
\lightrulewidth=\dimen257
\cmidrulewidth=\dimen258
\belowrulesep=\dimen259
\belowbottomsep=\dimen260
\aboverulesep=\dimen261
\abovetopsep=\dimen262
\cmidrulesep=\dimen263
\cmidrulekern=\dimen264
\defaultaddspace=\dimen265
\@cmidla=\count295
\@cmidlb=\count296
\@aboverulesep=\dimen266
\@belowrulesep=\dimen267
\@thisruleclass=\count297
\@lastruleclass=\count298
\@thisrulewidth=\dimen268
)
("C:\Users\Aron\AppData\Local\Programs\MiKTeX 2.9\tex/latex/anysize\anysize.sty
"
Package: anysize 1994/08/13 setting margin sizes

document style option `anysize' loaded
Michael Salzenberg, Thomas Esser, Dirk Hillbrecht
Version 1.0, Aug 13, 1994
\@Leftmargin=\dimen269
\@Rightmargin=\dimen270
\@Topmargin=\dimen271
\@Bottommargin=\dimen272
)
("C:\Users\Aron\AppData\Local\Programs\MiKTeX 2.9\tex/latex/setspace\setspace.s
ty"
Package: setspace 2011/12/19 v6.7a set line spacing
)
("C:\Users\Aron\AppData\Local\Programs\MiKTeX 2.9\tex/latex/hyperref\hyperref.s
ty"
Package: hyperref 2019/06/12 v6.88h Hypertext links for LaTeX

("C:\Users\Aron\AppData\Local\Programs\MiKTeX 2.9\tex/latex/hobsub\hobsub-hyper
ref.sty"
Package: hobsub-hyperref 2019-11-14
hobsub not currently supported, see hobsub.dtx to extract original code

("C:\Users\Aron\AppData\Local\Programs\MiKTeX 2.9\tex/generic/oberdiek\ltxcmds.
sty"
Package: ltxcmds 2016/05/16 v1.23 LaTeX kernel commands for general use (HO)
)
("C:\Users\Aron\AppData\Local\Programs\MiKTeX 2.9\tex/generic/oberdiek\ifvtex.s
ty"
Package: ifvtex 2016/05/16 v1.6 Detect VTeX and its facilities (HO)
Package ifvtex Info: VTeX not detected.
)
("C:\Users\Aron\AppData\Local\Programs\MiKTeX 2.9\tex/generic/oberdiek\pdftexcm
ds.sty"
Package: pdftexcmds 2019/07/25 v0.30 Utility functions of pdfTeX for LuaTeX (HO
)

("C:\Users\Aron\AppData\Local\Programs\MiKTeX 2.9\tex/generic/oberdiek\infwarer
r.sty"
Package: infwarerr 2016/05/16 v1.4 Providing info/warning/error messages (HO)
)
("C:\Users\Aron\AppData\Local\Programs\MiKTeX 2.9\tex/generic/oberdiek\ifpdf.st
y"
Package: ifpdf 2018/09/07 v3.3 Provides the ifpdf switch
)
Package pdftexcmds Info: LuaTeX not detected.
Package pdftexcmds Info: pdfTeX >= 1.30 not detected.
Package pdftexcmds Info: \pdf@primitive is available.
Package pdftexcmds Info: \pdf@ifprimitive is available.
Package pdftexcmds Info: \pdfdraftmode not found.
)
("C:\Users\Aron\AppData\Local\Programs\MiKTeX 2.9\tex/generic/oberdiek\kvsetkey
s.sty"
Package: kvsetkeys 2016/05/16 v1.17 Key value parser (HO)

("C:\Users\Aron\AppData\Local\Programs\MiKTeX 2.9\tex/generic/oberdiek\etexcmds
.sty"
Package: etexcmds 2016/05/16 v1.6 Avoid name clashes with e-TeX commands (HO)
))
("C:\Users\Aron\AppData\Local\Programs\MiKTeX 2.9\tex/generic/oberdiek\kvdefine
keys.sty"
Package: kvdefinekeys 2016/05/16 v1.4 Define keys (HO)
)
("C:\Users\Aron\AppData\Local\Programs\MiKTeX 2.9\tex/generic/oberdiek\pdfescap
e.sty"
Package: pdfescape 2016/05/16 v1.14 Implements pdfTeX's escape features (HO)
)
("C:\Users\Aron\AppData\Local\Programs\MiKTeX 2.9\tex/latex/oberdiek\hycolor.st
y"
Package: hycolor 2016/05/16 v1.8 Color options for hyperref/bookmark (HO)

("C:\Users\Aron\AppData\Local\Programs\MiKTeX 2.9\tex/latex/oberdiek\xcolor-pat
ch.sty"
Package: xcolor-patch 2016/05/16 xcolor patch

("C:\Users\Aron\AppData\Local\Programs\MiKTeX 2.9\tex/latex/oberdiek\hopatch.st
y"
Package: hopatch 2016/05/16 v1.3 Wrapper for package hooks (HO)
)))
("C:\Users\Aron\AppData\Local\Programs\MiKTeX 2.9\tex/latex/oberdiek\letltxmacr
o.sty"
Package: letltxmacro 2016/05/16 v1.5 Let assignment for LaTeX macros (HO)
))
("C:\Users\Aron\AppData\Local\Programs\MiKTeX 2.9\tex/latex/oberdiek\auxhook.st
y"
Package: auxhook 2016/05/16 v1.4 Hooks for auxiliary files (HO)
)
("C:\Users\Aron\AppData\Local\Programs\MiKTeX 2.9\tex/latex/oberdiek\kvoptions.
sty"
Package: kvoptions 2016/05/16 v3.12 Key value format for package options (HO)
)
\@linkdim=\dimen273
\Hy@linkcounter=\count299
\Hy@pagecounter=\count300

("C:\Users\Aron\AppData\Local\Programs\MiKTeX 2.9\tex/latex/hyperref\pd1enc.def
"
File: pd1enc.def 2019/06/12 v6.88h Hyperref: PDFDocEncoding definition (HO)
)
("C:\Users\Aron\AppData\Local\Programs\MiKTeX 2.9\tex/generic/oberdiek\intcalc.
sty"
Package: intcalc 2016/05/16 v1.2 Expandable calculations with integers (HO)
)
\Hy@SavedSpaceFactor=\count301

("C:\Users\Aron\AppData\Local\Programs\MiKTeX 2.9\tex/latex/00miktex\hyperref.c
fg"
File: hyperref.cfg 2002/06/06 v1.2 hyperref configuration of TeXLive
)
Package hyperref Info: Option `unicode' set `true' on input line 4424.

("C:\Users\Aron\AppData\Local\Programs\MiKTeX 2.9\tex/latex/hyperref\puenc.def"
File: puenc.def 2019/06/12 v6.88h Hyperref: PDF Unicode definition (HO)
)
Package hyperref Info: Hyper figures OFF on input line 4550.
Package hyperref Info: Link nesting OFF on input line 4555.
Package hyperref Info: Hyper index ON on input line 4558.
Package hyperref Info: Plain pages OFF on input line 4565.
Package hyperref Info: Backreferencing OFF on input line 4570.
Package hyperref Info: Implicit mode ON; LaTeX internals redefined.
Package hyperref Info: Bookmarks ON on input line 4803.
\c@Hy@tempcnt=\count302
 ("C:\Users\Aron\AppData\Local\Programs\MiKTeX 2.9\tex/latex/url\url.sty"
\Urlmuskip=\muskip17
Package: url 2013/09/16  ver 3.4  Verb mode for urls, etc.
)
LaTeX Info: Redefining \url on input line 5156.
\XeTeXLinkMargin=\dimen274

("C:\Users\Aron\AppData\Local\Programs\MiKTeX 2.9\tex/generic/oberdiek\bitset.s
ty"
Package: bitset 2016/05/16 v1.2 Handle bit-vector datatype (HO)

("C:\Users\Aron\AppData\Local\Programs\MiKTeX 2.9\tex/generic/oberdiek\bigintca
lc.sty"
Package: bigintcalc 2016/05/16 v1.4 Expandable calculations on big integers (HO
)
))
\Fld@menulength=\count303
\Field@Width=\dimen275
\Fld@charsize=\dimen276
Package hyperref Info: Hyper figures OFF on input line 6411.
Package hyperref Info: Link nesting OFF on input line 6416.
Package hyperref Info: Hyper index ON on input line 6419.
Package hyperref Info: backreferencing OFF on input line 6426.
Package hyperref Info: Link coloring OFF on input line 6431.
Package hyperref Info: Link coloring with OCG OFF on input line 6436.
Package hyperref Info: PDF/A mode OFF on input line 6441.
LaTeX Info: Redefining \ref on input line 6481.
LaTeX Info: Redefining \pageref on input line 6485.

("C:\Users\Aron\AppData\Local\Programs\MiKTeX 2.9\tex/generic/oberdiek\atbegshi
.sty"
Package: atbegshi 2016/06/09 v1.18 At begin shipout hook (HO)
)
\Hy@abspage=\count304
\c@Item=\count305
\c@Hfootnote=\count306
)
Package hyperref Info: Driver (autodetected): hxetex.

("C:\Users\Aron\AppData\Local\Programs\MiKTeX 2.9\tex/latex/hyperref\hxetex.def
"
File: hxetex.def 2019/06/12 v6.88h Hyperref driver for XeTeX

("C:\Users\Aron\AppData\Local\Programs\MiKTeX 2.9\tex/generic/oberdiek\stringen
c.sty"
Package: stringenc 2016/05/16 v1.11 Convert strings between diff. encodings (HO
)
)
\pdfm@box=\box81
\c@Hy@AnnotLevel=\count307
\HyField@AnnotCount=\count308
\Fld@listcount=\count309
\c@bookmark@seq@number=\count310

("C:\Users\Aron\AppData\Local\Programs\MiKTeX 2.9\tex/latex/oberdiek\rerunfilec
heck.sty"
Package: rerunfilecheck 2016/05/16 v1.8 Rerun checks for auxiliary files (HO)

("C:\Users\Aron\AppData\Local\Programs\MiKTeX 2.9\tex/latex/oberdiek\atveryend.
sty"
Package: atveryend 2016/05/16 v1.9 Hooks at the very end of document (HO)
Package atveryend Info: \enddocument detected (standard20110627).
)
("C:\Users\Aron\AppData\Local\Programs\MiKTeX 2.9\tex/generic/oberdiek\uniqueco
unter.sty"
Package: uniquecounter 2016/05/16 v1.3 Provide unlimited unique counter (HO)
)
Package uniquecounter Info: New unique counter `rerunfilecheck' on input line 2
82.
)
\Hy@SectionHShift=\skip52
)
("C:\Users\Aron\AppData\Local\Programs\MiKTeX 2.9\tex/latex/listings\listings.s
ty"
\lst@mode=\count311
\lst@gtempboxa=\box82
\lst@token=\toks35
\lst@length=\count312
\lst@currlwidth=\dimen277
\lst@column=\count313
\lst@pos=\count314
\lst@lostspace=\dimen278
\lst@width=\dimen279
\lst@newlines=\count315
\lst@lineno=\count316
\lst@maxwidth=\dimen280

("C:\Users\Aron\AppData\Local\Programs\MiKTeX 2.9\tex/latex/listings\lstmisc.st
y"
File: lstmisc.sty 2019/02/27 1.8b (Carsten Heinz)
\c@lstnumber=\count317
\lst@skipnumbers=\count318
\lst@framebox=\box83
)
("C:\Users\Aron\AppData\Local\Programs\MiKTeX 2.9\tex/latex/listings\listings.c
fg"
File: listings.cfg 2019/02/27 1.8b listings configuration
))
Package: listings 2019/02/27 1.8b (Carsten Heinz)

("C:\Users\Aron\AppData\Local\Programs\MiKTeX 2.9\tex/latex/ntheorem\ntheorem.s
ty"
Style `ntheorem', Version 1.33 <2011/08/15>
Package: ntheorem 2011/08/15 1.33
("C:\Users\Aron\AppData\Local\Programs\MiKTeX 2.9\tex/latex/base\ifthen.sty"
Package: ifthen 2014/09/29 v1.1c Standard LaTeX ifthen package (DPC)
)
\theorem@style=\toks36
\theorem@@style=\toks37
\theorembodyfont=\toks38
\theoremnumbering=\toks39
\theorempreskipamount=\skip53
\theorempostskipamount=\skip54
\theoremframepreskipamount=\skip55
\theoremframepostskipamount=\skip56
\theoreminframepreskipamount=\skip57
\theoreminframepostskipamount=\skip58
\theorem@preskip=\toks40
\theorem@postskip=\toks41
\theorem@framepreskip=\toks42
\theorem@framepostskip=\toks43
\theorem@inframepreskip=\toks44
\theorem@inframepostskip=\toks45
\theoremindent=\dimen281
\theorem@indent=\dimen282
\theoremrightindent=\dimen283
\theorem@rightindent=\dimen284
\theoremheaderfont=\toks46
\theoremseparator=\toks47
\theoremprework=\toks48
\theorempostwork=\toks49
\theoremsymbol=\toks50
\qedsymbol=\toks51
\theoremkeyword=\toks52
\qedsymbol=\toks53
\thm@topsep=\skip59
\thm@topsepadd=\skip60
Package ntheorem Info: Option `thmmarks' loaded on input line 1175.
\c@endNonectr=\count319
\c@currNonectr=\count320
\mysavskip=\skip61
Package ntheorem Info: option `amsmath' handling for `thmmarks' loaded on input
 line 1175.
\thm@amstmpdepth=\dimen285
\tagwidth=\dimen286
)
("C:\Users\Aron\AppData\Local\Programs\MiKTeX 2.9\tex/latex/caption\caption.sty
"
Package: caption 2018/10/06 v3.3-154 Customizing captions (AR)

("C:\Users\Aron\AppData\Local\Programs\MiKTeX 2.9\tex/latex/caption\caption3.st
y"
Package: caption3 2018/09/12 v1.8c caption3 kernel (AR)
Package caption3 Info: TeX engine: e-TeX on input line 64.
\captionmargin=\dimen287
\captionmargin@=\dimen288
\captionwidth=\dimen289
\caption@tempdima=\dimen290
\caption@indent=\dimen291
\caption@parindent=\dimen292
\caption@hangindent=\dimen293
Package caption Info: magyar babel option is loaded.
)
\c@caption@flags=\count321
\c@ContinuedFloat=\count322
Package caption Info: magyar babel option is loaded.
Package caption Info: float package is loaded.
Package caption Info: hyperref package is loaded.
Package caption Info: listings package is loaded.
)
("C:\Users\Aron\AppData\Local\Programs\MiKTeX 2.9\tex/latex/natbib\natbib.sty"
Package: natbib 2010/09/13 8.31b (PWD, AO)
\bibhang=\skip62
\bibsep=\skip63
LaTeX Info: Redefining \cite on input line 694.
\c@NAT@ctr=\count323
)) ("C:\Users\Aron\AppData\Local\Programs\MiKTeX 2.9\tex/latex/tools\xspace.sty
"
Package: xspace 2014/10/28 v1.13 Space after command names (DPC,MH)
) (include/tdk-variables.tex) (include/thesis-en.tex) (include/preamble.tex
Package hyperref Info: Option `unicode' set `true' on input line 39.
Package hyperref Info: Option `pdfnewwindow' set `true' on input line 39.
Package hyperref Info: Option `colorlinks' set `true' on input line 39.
\c@currexamplectr=\count324
\c@endexamplectr=\count325
\c@example=\count326
\c@currdefinitionctr=\count327
\c@enddefinitionctr=\count328
\c@definition=\count329
\c@currtheoremctr=\count330
\c@endtheoremctr=\count331
\c@theorem=\count332
)
(bachelors_thesis.aux (include/titlepage.aux) (include/declaration.aux)
(content/abstract.aux) (content/introduction.aux) (content/background.aux)
(content/latex-tools.aux) (content/thesis-format.aux)
(content/template-usage.aux) (content/acknowledgement.aux)
(content/appendices.aux))
\openout1 = `bachelors_thesis.aux'.

LaTeX Font Info:    Checking defaults for OML/cmm/m/it on input line 46.
LaTeX Font Info:    ... okay on input line 46.
LaTeX Font Info:    Checking defaults for T1/cmr/m/n on input line 46.
LaTeX Font Info:    ... okay on input line 46.
LaTeX Font Info:    Checking defaults for OT1/cmr/m/n on input line 46.
LaTeX Font Info:    ... okay on input line 46.
LaTeX Font Info:    Checking defaults for OMS/cmsy/m/n on input line 46.
LaTeX Font Info:    ... okay on input line 46.
LaTeX Font Info:    Checking defaults for TU/lmr/m/n on input line 46.
LaTeX Font Info:    ... okay on input line 46.
LaTeX Font Info:    Checking defaults for OMX/cmex/m/n on input line 46.
LaTeX Font Info:    ... okay on input line 46.
LaTeX Font Info:    Checking defaults for U/cmr/m/n on input line 46.
LaTeX Font Info:    ... okay on input line 46.
LaTeX Font Info:    Checking defaults for PD1/pdf/m/n on input line 46.
LaTeX Font Info:    ... okay on input line 46.
LaTeX Font Info:    Checking defaults for PU/pdf/m/n on input line 46.
LaTeX Font Info:    ... okay on input line 46.
 ABD: EveryShipout initializing macros

Package fontspec Info: Adjusting the maths setup (use [no-math] to avoid
(fontspec)             this).

\symlegacymaths=\mathgroup8
LaTeX Font Info:    Overwriting symbol font `legacymaths' in version `bold'
(Font)                  OT1/cmr/m/n --> OT1/cmr/bx/n on input line 46.
LaTeX Font Info:    Redeclaring math accent \acute on input line 46.
LaTeX Font Info:    Redeclaring math accent \grave on input line 46.
LaTeX Font Info:    Redeclaring math accent \ddot on input line 46.
LaTeX Font Info:    Redeclaring math accent \tilde on input line 46.
LaTeX Font Info:    Redeclaring math accent \bar on input line 46.
LaTeX Font Info:    Redeclaring math accent \breve on input line 46.
LaTeX Font Info:    Redeclaring math accent \check on input line 46.
LaTeX Font Info:    Redeclaring math accent \hat on input line 46.
LaTeX Font Info:    Redeclaring math accent \dot on input line 46.
LaTeX Font Info:    Redeclaring math accent \mathring on input line 46.
LaTeX Font Info:    Redeclaring math symbol \Gamma on input line 46.
LaTeX Font Info:    Redeclaring math symbol \Delta on input line 46.
LaTeX Font Info:    Redeclaring math symbol \Theta on input line 46.
LaTeX Font Info:    Redeclaring math symbol \Lambda on input line 46.
LaTeX Font Info:    Redeclaring math symbol \Xi on input line 46.
LaTeX Font Info:    Redeclaring math symbol \Pi on input line 46.
LaTeX Font Info:    Redeclaring math symbol \Sigma on input line 46.
LaTeX Font Info:    Redeclaring math symbol \Upsilon on input line 46.
LaTeX Font Info:    Redeclaring math symbol \Phi on input line 46.
LaTeX Font Info:    Redeclaring math symbol \Psi on input line 46.
LaTeX Font Info:    Redeclaring math symbol \Omega on input line 46.
LaTeX Font Info:    Redeclaring math symbol \mathdollar on input line 46.
LaTeX Font Info:    Redeclaring symbol font `operators' on input line 46.
LaTeX Font Info:    Encoding `OT1' has changed to `TU' for symbol font
(Font)              `operators' in the math version `normal' on input line 46.
LaTeX Font Info:    Overwriting symbol font `operators' in version `normal'
(Font)                  OT1/cmr/m/n --> TU/lmr/m/n on input line 46.
LaTeX Font Info:    Encoding `OT1' has changed to `TU' for symbol font
(Font)              `operators' in the math version `bold' on input line 46.
LaTeX Font Info:    Overwriting symbol font `operators' in version `bold'
(Font)                  OT1/cmr/bx/n --> TU/lmr/m/n on input line 46.
LaTeX Font Info:    Overwriting symbol font `operators' in version `normal'
(Font)                  TU/lmr/m/n --> TU/lmr/m/n on input line 46.
LaTeX Font Info:    Overwriting math alphabet `\mathit' in version `normal'
(Font)                  OT1/cmr/m/it --> TU/lmr/m/it on input line 46.
LaTeX Font Info:    Overwriting math alphabet `\mathbf' in version `normal'
(Font)                  OT1/cmr/bx/n --> TU/lmr/bx/n on input line 46.
LaTeX Font Info:    Overwriting math alphabet `\mathsf' in version `normal'
(Font)                  OT1/cmss/m/n --> TU/lmss/m/n on input line 46.
LaTeX Font Info:    Overwriting math alphabet `\mathtt' in version `normal'
(Font)                  OT1/cmtt/m/n --> TU/lmtt/m/n on input line 46.
LaTeX Font Info:    Overwriting symbol font `operators' in version `bold'
(Font)                  TU/lmr/m/n --> TU/lmr/bx/n on input line 46.
LaTeX Font Info:    Overwriting math alphabet `\mathit' in version `bold'
(Font)                  OT1/cmr/bx/it --> TU/lmr/bx/it on input line 46.
LaTeX Font Info:    Overwriting math alphabet `\mathsf' in version `bold'
(Font)                  OT1/cmss/bx/n --> TU/lmss/bx/n on input line 46.
LaTeX Font Info:    Overwriting math alphabet `\mathtt' in version `bold'
(Font)                  OT1/cmtt/m/n --> TU/lmtt/bx/n on input line 46.


LaTeX Warning: Please use \usepackage{t1enc} with
               \usepackage[magyar]{babel}, to get accented chars hyphenated.


LaTeX Warning: Please use \usepackage[latin2]{inputenc}
               or \usepackage[utf8]{inputenc}
               with \usepackage[magyar]{babel}.

\AtBeginShipoutBox=\box84
Package hyperref Info: Link coloring ON on input line 46.

("C:\Users\Aron\AppData\Local\Programs\MiKTeX 2.9\tex/latex/hyperref\nameref.st
y"
Package: nameref 2016/05/21 v2.44 Cross-referencing by name of section

("C:\Users\Aron\AppData\Local\Programs\MiKTeX 2.9\tex/latex/oberdiek\refcount.s
ty"
Package: refcount 2016/05/16 v3.5 Data extraction from label references (HO)
)
("C:\Users\Aron\AppData\Local\Programs\MiKTeX 2.9\tex/generic/oberdiek\gettitle
string.sty"
Package: gettitlestring 2016/05/16 v1.5 Cleanup title references (HO)
)
\c@section@level=\count333
)
LaTeX Info: Redefining \ref on input line 46.
LaTeX Info: Redefining \pageref on input line 46.
LaTeX Info: Redefining \nameref on input line 46.
 (bachelors_thesis.out) (bachelors_thesis.out)
\@outlinefile=\write4
\openout4 = `bachelors_thesis.out'.

\c@lstlisting=\count334
Package caption Info: Begin \AtBeginDocument code.
Package caption Info: End \AtBeginDocument code.

("C:\Users\Aron\AppData\Local\Programs\MiKTeX 2.9\tex/latex/base\report.cls"
LaTeX Info: Redefining \cal on input line 576.
LaTeX Info: Redefining \mit on input line 577.
)
\openout2 = `include/titlepage.aux'.


(include/titlepage.tex
Package hyperref Info: Option `pageanchor' set `false' on input line 1.
File: figures/bme_logo.pdf Graphic file (type pdf)
<use figures/bme_logo.pdf>
LaTeX Font Info:    Try loading font information for U+msa on input line 20.

("C:\Users\Aron\AppData\Local\Programs\MiKTeX 2.9\tex/latex/amsfonts\umsa.fd"
File: umsa.fd 2013/01/14 v3.01 AMS symbols A
)
LaTeX Font Info:    Try loading font information for U+msb on input line 20.

("C:\Users\Aron\AppData\Local\Programs\MiKTeX 2.9\tex/latex/amsfonts\umsb.fd"
File: umsb.fd 2013/01/14 v3.01 AMS symbols B
)
LaTeX Font Info:    Try loading font information for U+wasy on input line 20.

("C:\Users\Aron\AppData\Local\Programs\MiKTeX 2.9\tex/latex/wasysym\uwasy.fd"
File: uwasy.fd 2003/10/30 v2.0 Wasy-2 symbol font definitions
)
LaTeX Font Info:    Try loading font information for U+stmry on input line 20.

("C:\Users\Aron\AppData\Local\Programs\MiKTeX 2.9\tex/latex/stmaryrd\ustmry.fd"
) [1



]
Package hyperref Info: Option `pageanchor' set `false' on input line 32.
) (bachelors_thesis.toc [1


])
\tf@toc=\write5
\openout5 = `bachelors_thesis.toc'.

 [2]
\openout2 = `include/declaration.aux'.

 (include/declaration.tex [1

])
\openout2 = `content/abstract.aux'.


(content/abstract.tex [1




]
\c@romanPage=\count335
) [2

]
\openout2 = `content/introduction.aux'.

 (content/introduction.tex
Chapter 1.
) [1



]
\openout2 = `content/background.aux'.

 (content/background.tex
Chapter 2.
Package hyperref Info: bookmark level for unknown definition defaults to 0 on i
nput line 11.
[2



]
Package hyperref Info: bookmark level for unknown example defaults to 0 on inpu
t line 45.
 [3]
LaTeX Font Info:    Try loading font information for U+mvs on input line 116.

("C:\Users\Aron\AppData\Local\Programs\MiKTeX 2.9\tex/latex/marvosym\umvs.fd")
File: content/coffeemealy.png Graphic file (type bmp)
<content/coffeemealy.png>

[4]
Underfull \hbox (badness 10000) in paragraph at lines 145--148

 []

[5]) [6]
\openout2 = `content/latex-tools.aux'.

 (content/latex-tools.tex
Chapter 3.
File: figures/TeXstudio.png Graphic file (type bmp)
<figures/TeXstudio.png>
[7



]
("C:\Users\Aron\AppData\Local\Programs\MiKTeX 2.9\tex/latex/listings\lstlang1.s
ty"
File: lstlang1.sty 2019/02/27 1.8b listings language file
)
("C:\Users\Aron\AppData\Local\Programs\MiKTeX 2.9\tex/latex/listings\lstlang1.s
ty"
File: lstlang1.sty 2019/02/27 1.8b listings language file
)
Underfull \hbox (badness 1033) in paragraph at lines 33--34
\TU/lmr/m/n/10.95 kell lltani a szerkesztprogramban, pldul TeXstudio eset
n legegyszerbben az
 []

[8]
LaTeX Font Info:    Font shape `TU/lmtt/bx/n' in size <8> not available
(Font)              Font shape `TU/lmtt/b/n' tried instead on input line 43.
) [9]
\openout2 = `content/thesis-format.aux'.

 (content/thesis-format.tex
Chapter 4.

Underfull \hbox (badness 2486) in paragraph at lines 4--5
\TU/lmr/m/n/10.95 Az itt tallhat informcik egy rsze a BME VIK Hallgati K
pviselet ltal
 []


Underfull \hbox (badness 3058) in paragraph at lines 4--5
\TU/lmr/m/n/10.95 ksztett Utols flv a villanykaron c. munkbl lett kis 
vltoztatsokkal
 []


Package natbib Warning: Citation `Jeney' on page 10 undefined on input line 24.


) [10



] [11]
\openout2 = `content/template-usage.aux'.

 (content/template-usage.tex
Chapter 5.
[12



]
File: figures/TeXstudio.png Graphic file (type bmp)
<figures/TeXstudio.png>
File: figures/TeXstudio.png Graphic file (type bmp)
<figures/TeXstudio.png>
File: figures/TeXstudio.png Graphic file (type bmp)
<figures/TeXstudio.png>
File: figures/TeXstudio.png Graphic file (type bmp)
<figures/TeXstudio.png>
 [13] [14]
("C:\Users\Aron\AppData\Local\Programs\MiKTeX 2.9\tex/latex/listings\lstlang1.s
ty"
File: lstlang1.sty 2019/02/27 1.8b listings language file
)
("C:\Users\Aron\AppData\Local\Programs\MiKTeX 2.9\tex/latex/listings\lstlang2.s
ty"
File: lstlang2.sty 2019/02/27 1.8b listings language file
)
("C:\Users\Aron\AppData\Local\Programs\MiKTeX 2.9\tex/latex/listings\lstlang3.s
ty"
File: lstlang3.sty 2019/02/27 1.8b listings language file
)
("C:\Users\Aron\AppData\Local\Programs\MiKTeX 2.9\tex/latex/listings\lstlang1.s
ty"
File: lstlang1.sty 2019/02/27 1.8b listings language file
)
("C:\Users\Aron\AppData\Local\Programs\MiKTeX 2.9\tex/latex/listings\lstlang2.s
ty"
File: lstlang2.sty 2019/02/27 1.8b listings language file
)
("C:\Users\Aron\AppData\Local\Programs\MiKTeX 2.9\tex/latex/listings\lstlang3.s
ty"
File: lstlang3.sty 2019/02/27 1.8b listings language file
)
("C:\Users\Aron\AppData\Local\Programs\MiKTeX 2.9\tex/latex/listings\lstlang1.s
ty"
File: lstlang1.sty 2019/02/27 1.8b listings language file
)
("C:\Users\Aron\AppData\Local\Programs\MiKTeX 2.9\tex/latex/listings\lstlang2.s
ty"
File: lstlang2.sty 2019/02/27 1.8b listings language file
)
("C:\Users\Aron\AppData\Local\Programs\MiKTeX 2.9\tex/latex/listings\lstlang3.s
ty"
File: lstlang3.sty 2019/02/27 1.8b listings language file
)
("C:\Users\Aron\AppData\Local\Programs\MiKTeX 2.9\tex/latex/listings\lstmisc.st
y"
File: lstmisc.sty 2019/02/27 1.8b (Carsten Heinz)
)
Package hyperref Info: bookmark level for unknown lstlisting defaults to 0 on i
nput line 98.
 [15] [16] [17]
Underfull \hbox (badness 1496) in paragraph at lines 238--240
[][]\TU/lmtt/m/n/10.95 \cite{Lee87}[]\TU/lmr/m/n/10.95 , [][]\TU/lmtt/m/n/10.95
 \cite{KissPhD}[]\TU/lmr/m/n/10.95 , [][]\TU/lmtt/m/n/10.95 \cite{Schreirer00}[
]\TU/lmr/m/n/10.95 , [][]\TU/lmtt/m/n/10.95 \cite{Mkrtychev:1997} []\TU/lmr/m/n
/10.95 s
 []


Package natbib Warning: Citation `Wettl04' on page 18 undefined on input line 2
45.


Package natbib Warning: Citation `Candy86' on page 18 undefined on input line 2
45.


Package natbib Warning: Citation `Lee87' on page 18 undefined on input line 245
.


Package natbib Warning: Citation `KissPhD' on page 18 undefined on input line 2
45.


Package natbib Warning: Citation `Schreier00' on page 18 undefined on input lin
e 245.


Package natbib Warning: Citation `Mkrtychev:1997' on page 18 undefined on input
 line 245.


Package natbib Warning: Citation `DipPortal' on page 18 undefined on input line
 245.


Underfull \hbox (badness 4967) in paragraph at lines 247--248
[]\TU/lmr/m/n/10.95 Megjegyzend, hogy az kezetes magyar betket is tartalmaz
 [][]\TU/lmtt/m/n/10.95 .bib []\TU/lmr/m/n/10.95 fjl az
 []


Underfull \hbox (badness 1902) in paragraph at lines 247--248
[][]\TU/lmtt/m/n/10.95 inputenc []\TU/lmr/m/n/10.95 csomaggal betlttt [][]\TU
/lmtt/m/n/10.95 latin2 []\TU/lmr/m/n/10.95 betkszlet miatt fordthat. Ugyane
z a
 []

[18]
Underfull \hbox (badness 10000) in paragraph at lines 258--259
[]\TU/lmr/m/n/10.95 1 oldalas \TU/lmr/m/it/10.95 tjkoztat \TU/lmr/m/n/10.95 
a szakdolgozat/diplomaterv szerkezetrl
 []


Underfull \hbox (badness 4108) in paragraph at lines 265--266
[]\TU/lmr/m/n/10.95 sorszmmal elltott \TU/lmr/m/it/10.95 fejezetek\TU/lmr/m/n
/10.95 : a feladatkirs pontostsa s rszletes el-
 []

[19] [20]
Package hyperref Info: bookmark level for unknown theorem defaults to 0 on inpu
t line 314.
) [21]
\openout2 = `content/acknowledgement.aux'.

 (content/acknowledgement.tex) [22



] (bachelors_thesis.bbl
Underfull \hbox (badness 1584) in paragraph at lines 17--23
\TU/lmr/m/n/10.95 123148.  Springer International Publishing, Cham, 2018.  ISB
N 978-3-319-
 []


Underfull \hbox (badness 2689) in paragraph at lines 25--32
[]\TU/lmr/m/n/10.95 Bernhard Steffen, Falk Howar, and Maik Merten.  \TU/lmr/m/i
t/10.95 Introduction to Active
 []


Underfull \hbox (badness 2452) in paragraph at lines 25--32
\TU/lmr/m/it/10.95 Automata Learning from a Practical Perspective\TU/lmr/m/n/10
.95 , pages 256296.  Springer
 []


Underfull \hbox (badness 10000) in paragraph at lines 25--32
\TU/lmr/m/n/10.95 Berlin Heidelberg, Berlin, Heidelberg, 2011.  ISBN 978-3-642-
21455-4.
 []


Underfull \hbox (badness 10000) in paragraph at lines 25--32
\TU/lmr/m/n/10.95 DOI: [][]\TU/lmtt/m/n/10.95 10.1007/978-3-642-21455-4_8[][]\T
U/lmr/m/n/10.95 .  URL [][]$[][][][][] [] [] [] [][][] [] [][][] [] [][] [] [][
][][] []
 []

) [23


]
\openout2 = `content/appendices.aux'.

 (content/appendices.tex
File: figures/TeXstudio.png Graphic file (type bmp)
<figures/TeXstudio.png>
 [24


]
Underfull \hbox (badness 1577) in paragraph at lines 20--20
[]\TU/lmr/bx/n/14.4 Vlasz az let, a vilgmindensg, meg minden
 []

) [25

]
\tf@thm=\write6
\openout6 = `bachelors_thesis.thm'.



Package natbib Warning: There were undefined citations.

Package atveryend Info: Empty hook `BeforeClearDocument' on input line 107.
Package atveryend Info: Empty hook `AfterLastShipout' on input line 107.
(bachelors_thesis.aux (include/titlepage.aux) (include/declaration.aux)
(content/abstract.aux) (content/introduction.aux) (content/background.aux)
(content/latex-tools.aux) (content/thesis-format.aux)
(content/template-usage.aux) (content/acknowledgement.aux)
(content/appendices.aux))
Package atveryend Info: Empty hook `AtVeryEndDocument' on input line 107.
Package atveryend Info: Executing hook `AtEndAfterFileList' on input line 107.
Package rerunfilecheck Info: File `bachelors_thesis.out' has not changed.
(rerunfilecheck)             Checksum: 80B1ABB175B23E38F0510D1339908248.
Package atveryend Info: Empty hook `AtVeryVeryEnd' on input line 107.
 ) 
Here is how much of TeX's memory you used:
 38704 strings out of 427669
 740955 string characters out of 3145155
 1246087 words of memory out of 3000000
 42151 multiletter control sequences out of 15000+200000
 550121 words of font info for 123 fonts, out of 3000000 for 9000
 1352 hyphenation exceptions out of 8191
 57i,16n,71p,1481b,1879s stack positions out of 5000i,500n,10000p,200000b,50000s

Output written on bachelors_thesis.pdf (31 pages).
