\BOOKMARK [0][-]{chapter*.2}{\376\377\000K\000i\000v\000o\000n\000a\000t}{}% 1
\BOOKMARK [0][-]{chapter*.3}{\376\377\000A\000b\000s\000t\000r\000a\000c\000t}{}% 2
\BOOKMARK [0][-]{chapter.1}{\376\377\000I\000n\000t\000r\000o\000d\000u\000c\000t\000i\000o\000n}{}% 3
\BOOKMARK [1][-]{section.1.1}{\376\377\000C\000o\000n\000t\000e\000x\000t}{chapter.1}% 4
\BOOKMARK [1][-]{section.1.2}{\376\377\000P\000r\000o\000b\000l\000e\000m\000\040\000S\000t\000a\000t\000e\000m\000e\000n\000t}{chapter.1}% 5
\BOOKMARK [1][-]{section.1.3}{\376\377\000O\000b\000j\000e\000c\000t\000i\000v\000e}{chapter.1}% 6
\BOOKMARK [1][-]{section.1.4}{\376\377\000C\000o\000n\000t\000r\000i\000b\000u\000t\000i\000o\000n}{chapter.1}% 7
\BOOKMARK [1][-]{section.1.5}{\376\377\000R\000e\000l\000a\000t\000e\000d\000\040\000w\000o\000r\000k}{chapter.1}% 8
\BOOKMARK [1][-]{section.1.6}{\376\377\000A\000d\000d\000e\000d\000\040\000v\000a\000l\000u\000e}{chapter.1}% 9
\BOOKMARK [1][-]{section.1.7}{\376\377\000O\000u\000t\000l\000i\000n\000e}{chapter.1}% 10
\BOOKMARK [0][-]{chapter.2}{\376\377\000B\000a\000c\000k\000g\000r\000o\000u\000n\000d}{}% 11
\BOOKMARK [1][-]{section.2.1}{\376\377\000B\000a\000s\000i\000c\000s\000\040\000o\000f\000\040\000a\000u\000t\000o\000m\000a\000t\000o\000n\000\040\000t\000h\000e\000o\000r\000y}{chapter.2}% 12
\BOOKMARK [2][-]{subsection.2.1.1}{\376\377\000F\000u\000n\000d\000a\000m\000e\000n\000t\000a\000l\000s\000\040\000o\000f\000\040\000f\000o\000r\000m\000a\000l\000\040\000l\000a\000n\000g\000u\000a\000g\000e\000\040\000t\000h\000e\000o\000r\000y}{section.2.1}% 13
\BOOKMARK [2][-]{subsection.2.1.2}{\376\377\000P\000r\000o\000p\000e\000r\000t\000i\000e\000s\000\040\000o\000f\000\040\000d\000e\000t\000e\000r\000m\000i\000n\000i\000s\000t\000i\000c\000\040\000a\000u\000t\000o\000m\000a\000t\000a}{section.2.1}% 14
\BOOKMARK [2][-]{subsection.2.1.3}{\376\377\000R\000e\000l\000a\000t\000i\000o\000n\000s\000\040\000o\000f\000\040\000f\000o\000r\000m\000a\000l\000\040\000l\000a\000n\000g\000u\000a\000g\000e\000s\000\040\000a\000n\000d\000\040\000a\000u\000t\000o\000m\000a\000t\000a}{section.2.1}% 15
\BOOKMARK [2][-]{subsection.2.1.4}{\376\377\000M\000i\000n\000i\000m\000i\000z\000a\000t\000i\000o\000n\000\040\000o\000f\000\040\000a\000u\000t\000o\000m\000a\000t\000a}{section.2.1}% 16
\BOOKMARK [1][-]{section.2.2}{\376\377\000A\000u\000t\000o\000m\000a\000t\000o\000n\000\040\000l\000e\000a\000r\000n\000i\000n\000g}{chapter.2}% 17
\BOOKMARK [2][-]{subsection.2.2.1}{\376\377\000D\000i\000r\000e\000c\000t\000\040\000H\000y\000p\000o\000t\000h\000e\000s\000i\000s\000\040\000C\000o\000n\000s\000t\000r\000u\000c\000t\000i\000o\000n\0001\0000\000.\0001\0000\0000\0007\000/\0009\0007\0008\000-\0003\000-\0006\0004\0002\000-\0003\0004\0007\0008\0001\000-\0008\0001\0009}{section.2.2}% 18
\BOOKMARK [2][-]{subsection.2.2.2}{\376\377\000T\000h\000e\000\040\000T\000T\000T\000\040\000a\000l\000g\000o\000r\000i\000t\000h\000m\0001\0000\000.\0001\0000\0000\0007\000/\0009\0007\0008\000-\0003\000-\0003\0001\0009\000-\0001\0001\0001\0006\0004\000-\0003\0002\0006}{section.2.2}% 19
\BOOKMARK [0][-]{chapter.3}{\376\377\000C\000o\000n\000t\000r\000i\000b\000u\000t\000i\000o\000n}{}% 20
\BOOKMARK [1][-]{section.3.1}{\376\377\000A\000u\000t\000o\000m\000a\000t\000o\000n\000\040\000l\000e\000a\000r\000n\000i\000n\000g\000\040\000f\000r\000a\000m\000e\000w\000o\000r\000k}{chapter.3}% 21
\BOOKMARK [2][-]{subsection.3.1.1}{\376\377\000T\000o\000o\000l\000i\000n\000g}{section.3.1}% 22
\BOOKMARK [2][-]{subsection.3.1.2}{\376\377\000H\000i\000g\000h\000-\000l\000e\000v\000e\000l\000\040\000o\000v\000e\000r\000v\000i\000e\000w}{section.3.1}% 23
\BOOKMARK [2][-]{subsection.3.1.3}{\376\377\000D\000e\000t\000a\000i\000l\000e\000d\000\040\000o\000v\000e\000r\000v\000i\000e\000w\000\040\000o\000f\000\040\000a\000b\000s\000t\000r\000a\000c\000t\000i\000o\000n\000s}{section.3.1}% 24
\BOOKMARK [1][-]{section.3.2}{\376\377\000I\000m\000p\000l\000e\000m\000e\000n\000t\000e\000d\000\040\000l\000e\000a\000r\000n\000i\000n\000g\000\040\000a\000l\000g\000o\000r\000i\000t\000h\000m\000s}{chapter.3}% 25
\BOOKMARK [2][-]{subsection.3.2.1}{\376\377\000D\000i\000r\000e\000c\000t\000\040\000H\000y\000p\000o\000t\000h\000e\000s\000i\000s\000\040\000C\000o\000n\000s\000t\000r\000u\000c\000t\000i\000o\000n}{section.3.2}% 26
\BOOKMARK [2][-]{subsection.3.2.2}{\376\377\000T\000T\000T}{section.3.2}% 27
\BOOKMARK [2][-]{subsection.3.2.3}{\376\377\000C\000a\000s\000e\000\040\000s\000t\000u\000d\000i\000e\000s}{section.3.2}% 28
\BOOKMARK [0][-]{chapter.4}{\376\377\000E\000v\000a\000l\000u\000a\000t\000i\000o\000n}{}% 29
\BOOKMARK [1][-]{section.4.1}{\376\377\000T\000h\000e\000o\000r\000e\000t\000i\000c\000a\000l\000\040\000e\000v\000a\000l\000u\000a\000t\000i\000o\000n}{chapter.4}% 30
\BOOKMARK [2][-]{subsection.4.1.1}{\376\377\000E\000v\000a\000l\000u\000a\000t\000i\000o\000n\000\040\000o\000f\000\040\000D\000H\000C}{section.4.1}% 31
\BOOKMARK [2][-]{subsection.4.1.2}{\376\377\000E\000v\000a\000l\000u\000a\000t\000i\000o\000n\000\040\000o\000f\000\040\000T\000T\000T}{section.4.1}% 32
\BOOKMARK [1][-]{section.4.2}{\376\377\000E\000x\000p\000e\000r\000i\000m\000e\000n\000t\000a\000l\000\040\000e\000v\000a\000l\000u\000a\000t\000i\000o\000n}{chapter.4}% 33
\BOOKMARK [0][-]{chapter.5}{\376\377\000C\000o\000n\000c\000l\000u\000s\000i\000o\000n\000s}{}% 34
\BOOKMARK [1][-]{section.5.1}{\376\377\000C\000o\000n\000t\000r\000i\000b\000u\000t\000i\000o\000n\000s}{chapter.5}% 35
\BOOKMARK [1][-]{section.5.2}{\376\377\000F\000u\000t\000u\000r\000e\000\040\000w\000o\000r\000k}{chapter.5}% 36
\BOOKMARK [0][-]{section.5.2}{\376\377\000B\000i\000b\000l\000i\000o\000g\000r\000a\000p\000h\000y}{}% 37
\BOOKMARK [0][-]{appendix*.35}{\376\377\000A\000p\000p\000e\000n\000d\000i\000x}{}% 38
